<?xml version="1.0" encoding="UTF-8"?>
<!-- Generated by org.testng.reporters.JUnitXMLReporter -->
<testsuite ignored="2" hostname="LAPTOP-GOCGSJGJ" failures="0" tests="0" time="0.021" errors="0" timestamp="2024-06-18T15:38:48 IST">
  <testcase classname="test.HomePageTest" name="verifyUserLoginDateMatchesSystemDate" time="0.0">
    <ignored/>
  </testcase> <!-- verifyUserLoginDateMatchesSystemDate -->
  <testcase classname="test.HomePageTest" name="getPageTitle" time="0.0">
    <ignored/>
  </testcase> <!-- getPageTitle -->
</testsuite>
