<?xml version="1.0" encoding="UTF-8"?>
<!-- Generated by org.testng.reporters.JUnitXMLReporter -->
<testsuite ignored="0" hostname="LAPTOP-GOCGSJGJ" failures="0" tests="2" name="HomePageTest" time="12.594" errors="0" timestamp="2024-06-20T20:09:33 IST">
  <testcase classname="test.HomePageTest" name="getPageTitle" time="0.0">
    <skipped/>
  </testcase> <!-- getPageTitle -->
  <testcase classname="test.HomePageTest" name="verifyUserLoginDateMatchesSystemDate" time="0.003">
    <skipped/>
  </testcase> <!-- verifyUserLoginDateMatchesSystemDate -->
</testsuite> <!-- HomePageTest -->
