<?xml version="1.0" encoding="UTF-8"?>
<!-- Generated by org.testng.reporters.JUnitXMLReporter -->
<testsuite ignored="0" hostname="LAPTOP-GOCGSJGJ" failures="0" tests="5" name="Test" time="7.882" errors="0" timestamp="2024-06-19T08:42:46 IST">
  <testcase classname="automationcore.Base" name="@BeforeMethod setup" time="7.665">
    <failure type="java.lang.NullPointerException">
      <![CDATA[java.lang.NullPointerException
at java.base/java.util.Objects.requireNonNull(Objects.java:209)
at java.base/java.util.ImmutableCollections$Map1.<init>(ImmutableCollections.java:1105)
at java.base/java.util.Map.of(Map.java:1353)
at org.openqa.selenium.remote.DriverCommand.GET(DriverCommand.java:180)
at org.openqa.selenium.remote.RemoteWebDriver.get(RemoteWebDriver.java:301)
at automationcore.Base.initialisebrowser(Base.java:57)
at automationcore.Base.setup(Base.java:67)
at java.base/java.util.ArrayList.forEach(ArrayList.java:1511)
... Removed 31 stack frames]]>
    </failure>
  </testcase> <!-- @BeforeMethod setup -->
  <testcase classname="automationcore.Base" name="@AfterMethod closeBrowser" time="0.0">
    <skipped/>
  </testcase> <!-- @AfterMethod closeBrowser -->
  <testcase classname="automationcore.Base" name="@BeforeMethod setup" time="0.0">
    <skipped/>
  </testcase> <!-- @BeforeMethod setup -->
  <testcase classname="automationcore.Base" name="@AfterMethod closeBrowser" time="0.0">
    <skipped/>
  </testcase> <!-- @AfterMethod closeBrowser -->
  <testcase classname="automationcore.Base" name="@BeforeMethod setup" time="0.0">
    <skipped/>
  </testcase> <!-- @BeforeMethod setup -->
  <testcase classname="automationcore.Base" name="@AfterMethod closeBrowser" time="0.0">
    <skipped/>
  </testcase> <!-- @AfterMethod closeBrowser -->
  <testcase classname="automationcore.Base" name="@BeforeMethod setup" time="0.0">
    <skipped/>
  </testcase> <!-- @BeforeMethod setup -->
  <testcase classname="automationcore.Base" name="@AfterMethod closeBrowser" time="0.0">
    <skipped/>
  </testcase> <!-- @AfterMethod closeBrowser -->
  <testcase classname="automationcore.Base" name="@BeforeMethod setup" time="0.0">
    <skipped/>
  </testcase> <!-- @BeforeMethod setup -->
  <testcase classname="automationcore.Base" name="@AfterMethod closeBrowser" time="0.0">
    <skipped/>
  </testcase> <!-- @AfterMethod closeBrowser -->
  <testcase classname="test.LoginPageTest" name="verifyLoginPageTitle" time="0.001">
    <skipped/>
  </testcase> <!-- verifyLoginPageTitle -->
  <testcase classname="test.LoginPageTest" name="verifyUserLoginWithInvalidCredential" time="0.001">
    <skipped/>
  </testcase> <!-- verifyUserLoginWithInvalidCredential -->
  <testcase classname="test.LoginPageTest" name="verifyUserLoginWithInvalidCredential" time="0.0">
    <skipped/>
  </testcase> <!-- verifyUserLoginWithInvalidCredential -->
  <testcase classname="test.LoginPageTest" name="verifyUserLoginWithInvalidCredential" time="0.001">
    <skipped/>
  </testcase> <!-- verifyUserLoginWithInvalidCredential -->
  <testcase classname="test.LoginPageTest" name="verifyUserLoginWithValidCredentials" time="0.0">
    <skipped/>
  </testcase> <!-- verifyUserLoginWithValidCredentials -->
</testsuite> <!-- Test -->
