<?xml version="1.0" encoding="UTF-8"?>
<!-- Generated by org.testng.reporters.JUnitXMLReporter -->
<testsuite ignored="0" hostname="LAPTOP-GOCGSJGJ" failures="5" tests="5" name="Test" time="53.068" errors="0" timestamp="2024-06-20T23:08:22 IST">
  <testcase classname="test.LoginPageTest" name="verifyLoginPageTitle" time="0.049">
    <failure type="java.lang.RuntimeException" message="Test data Excel sheet not found">
      <![CDATA[java.lang.RuntimeException: Test data Excel sheet not found
at utilities.ExcelUtility.readStringData(ExcelUtility.java:28)
at test.LoginPageTest.verifyLoginPageTitle(LoginPageTest.java:35)
at java.base/java.util.ArrayList.forEach(ArrayList.java:1511)
... Removed 27 stack frames]]>
    </failure>
  </testcase> <!-- verifyLoginPageTitle -->
  <testcase classname="test.LoginPageTest" name="verifyUserLoginWithInvalidCredential" time="0.007">
    <failure type="java.lang.RuntimeException" message="Test data Excel sheet not found">
      <![CDATA[java.lang.RuntimeException: Test data Excel sheet not found
at utilities.ExcelUtility.readStringData(ExcelUtility.java:28)
at test.LoginPageTest.verifyUserLoginWithInvalidCredential(LoginPageTest.java:46)
at java.base/java.util.ArrayList.forEach(ArrayList.java:1511)
... Removed 27 stack frames]]>
    </failure>
  </testcase> <!-- verifyUserLoginWithInvalidCredential -->
  <testcase classname="test.LoginPageTest" name="verifyUserLoginWithInvalidCredential" time="0.003">
    <failure type="java.lang.RuntimeException" message="Test data Excel sheet not found">
      <![CDATA[java.lang.RuntimeException: Test data Excel sheet not found
at utilities.ExcelUtility.readStringData(ExcelUtility.java:28)
at test.LoginPageTest.verifyUserLoginWithInvalidCredential(LoginPageTest.java:46)
at java.base/java.util.ArrayList.forEach(ArrayList.java:1511)
... Removed 27 stack frames]]>
    </failure>
  </testcase> <!-- verifyUserLoginWithInvalidCredential -->
  <testcase classname="test.LoginPageTest" name="verifyUserLoginWithInvalidCredential" time="0.007">
    <failure type="java.lang.RuntimeException" message="Test data Excel sheet not found">
      <![CDATA[java.lang.RuntimeException: Test data Excel sheet not found
at utilities.ExcelUtility.readStringData(ExcelUtility.java:28)
at test.LoginPageTest.verifyUserLoginWithInvalidCredential(LoginPageTest.java:46)
at java.base/java.util.ArrayList.forEach(ArrayList.java:1511)
... Removed 27 stack frames]]>
    </failure>
  </testcase> <!-- verifyUserLoginWithInvalidCredential -->
  <testcase classname="test.LoginPageTest" name="verifyUserLoginWithValidCredentials" time="0.004">
    <failure type="java.lang.RuntimeException" message="Test data Excel sheet not found">
      <![CDATA[java.lang.RuntimeException: Test data Excel sheet not found
at utilities.ExcelUtility.readStringData(ExcelUtility.java:28)
at test.LoginPageTest.verifyUserLoginWithValidCredentials(LoginPageTest.java:20)
at java.base/java.util.ArrayList.forEach(ArrayList.java:1511)
... Removed 27 stack frames]]>
    </failure>
  </testcase> <!-- verifyUserLoginWithValidCredentials -->
</testsuite> <!-- Test -->
