<?xml version="1.0" encoding="UTF-8"?>
<testng-results ignored="0" total="3" passed="3" failed="0" skipped="0">
  <reporter-output>
  </reporter-output>
  <suite started-at="2024-06-19T14:42:17 IST" name="Suite" finished-at="2024-06-19T14:44:14 IST" duration-ms="117504">
    <groups>
      <group name="Sanity">
        <method signature="LoginPageTest.verifyUserLoginWithValidCredentials()[pri:0, instance:test.LoginPageTest@3b0fe47a]" name="verifyUserLoginWithValidCredentials" class="test.LoginPageTest"/>
        <method signature="LoginPageTest.verifyUserLoginWithValidCredentials()[pri:0, instance:test.LoginPageTest@533bda92]" name="verifyUserLoginWithValidCredentials" class="test.LoginPageTest"/>
        <method signature="LoginPageTest.verifyUserLoginWithValidCredentials()[pri:0, instance:test.LoginPageTest@723ca036]" name="verifyUserLoginWithValidCredentials" class="test.LoginPageTest"/>
      </group> <!-- Sanity -->
    </groups>
    <test started-at="2024-06-19T14:42:17 IST" name="Test" finished-at="2024-06-19T14:42:38 IST" duration-ms="21606">
      <class name="test.LoginPageTest">
        <test-method is-config="true" signature="setup(java.lang.String,java.lang.String)[pri:0, instance:test.LoginPageTest@3b0fe47a]" started-at="2024-06-19T14:42:17 IST" name="setup" finished-at="2024-06-19T14:42:21 IST" duration-ms="4325" status="PASS">
          <params>
            <param index="0">
              <value>
                <![CDATA[Chrome]]>
              </value>
            </param>
            <param index="1">
              <value>
                <![CDATA[https://qalegend.com/billing/public/login]]>
              </value>
            </param>
          </params>
          <reporter-output>
          </reporter-output>
        </test-method> <!-- setup -->
        <test-method signature="verifyUserLoginWithValidCredentials()[pri:0, instance:test.LoginPageTest@3b0fe47a]" started-at="2024-06-19T14:42:21 IST" name="verifyUserLoginWithValidCredentials" finished-at="2024-06-19T14:42:37 IST" duration-ms="15725" status="PASS">
          <reporter-output>
          </reporter-output>
        </test-method> <!-- verifyUserLoginWithValidCredentials -->
        <test-method is-config="true" signature="closeBrowser(org.testng.ITestResult)[pri:0, instance:test.LoginPageTest@3b0fe47a]" started-at="2024-06-19T14:42:37 IST" name="closeBrowser" finished-at="2024-06-19T14:42:38 IST" duration-ms="1428" status="PASS">
          <params>
            <param index="0">
              <value>
                <![CDATA[[TestResult name=verifyUserLoginWithValidCredentials status=SUCCESS method=LoginPageTest.verifyUserLoginWithValidCredentials()[pri:0, instance:test.LoginPageTest@3b0fe47a] output={null}]]]>
              </value>
            </param>
          </params>
          <reporter-output>
          </reporter-output>
        </test-method> <!-- closeBrowser -->
      </class> <!-- test.LoginPageTest -->
    </test> <!-- Test -->
    <test started-at="2024-06-19T14:42:38 IST" name="Edge Test" finished-at="2024-06-19T14:43:00 IST" duration-ms="21553">
      <class name="test.LoginPageTest">
        <test-method is-config="true" signature="setup(java.lang.String,java.lang.String)[pri:0, instance:test.LoginPageTest@533bda92]" started-at="2024-06-19T14:42:38 IST" name="setup" finished-at="2024-06-19T14:42:55 IST" duration-ms="16732" status="PASS">
          <params>
            <param index="0">
              <value>
                <![CDATA[edge]]>
              </value>
            </param>
            <param index="1">
              <value>
                <![CDATA[https://qalegend.com/billing/public/login]]>
              </value>
            </param>
          </params>
          <reporter-output>
          </reporter-output>
        </test-method> <!-- setup -->
        <test-method signature="verifyUserLoginWithValidCredentials()[pri:0, instance:test.LoginPageTest@533bda92]" started-at="2024-06-19T14:42:55 IST" name="verifyUserLoginWithValidCredentials" finished-at="2024-06-19T14:43:00 IST" duration-ms="4439" status="PASS">
          <reporter-output>
          </reporter-output>
        </test-method> <!-- verifyUserLoginWithValidCredentials -->
        <test-method is-config="true" signature="closeBrowser(org.testng.ITestResult)[pri:0, instance:test.LoginPageTest@533bda92]" started-at="2024-06-19T14:43:00 IST" name="closeBrowser" finished-at="2024-06-19T14:43:00 IST" duration-ms="372" status="PASS">
          <params>
            <param index="0">
              <value>
                <![CDATA[[TestResult name=verifyUserLoginWithValidCredentials status=SUCCESS method=LoginPageTest.verifyUserLoginWithValidCredentials()[pri:0, instance:test.LoginPageTest@533bda92] output={null}]]]>
              </value>
            </param>
          </params>
          <reporter-output>
          </reporter-output>
        </test-method> <!-- closeBrowser -->
      </class> <!-- test.LoginPageTest -->
    </test> <!-- Edge Test -->
    <test started-at="2024-06-19T14:43:00 IST" name="FireFox Test" finished-at="2024-06-19T14:44:14 IST" duration-ms="74181">
      <class name="test.LoginPageTest">
        <test-method is-config="true" signature="setup(java.lang.String,java.lang.String)[pri:0, instance:test.LoginPageTest@723ca036]" started-at="2024-06-19T14:43:00 IST" name="setup" finished-at="2024-06-19T14:44:07 IST" duration-ms="66542" status="PASS">
          <params>
            <param index="0">
              <value>
                <![CDATA[Firefox]]>
              </value>
            </param>
            <param index="1">
              <value>
                <![CDATA[https://qalegend.com/billing/public/login]]>
              </value>
            </param>
          </params>
          <reporter-output>
          </reporter-output>
        </test-method> <!-- setup -->
        <test-method signature="verifyUserLoginWithValidCredentials()[pri:0, instance:test.LoginPageTest@723ca036]" started-at="2024-06-19T14:44:07 IST" name="verifyUserLoginWithValidCredentials" finished-at="2024-06-19T14:44:12 IST" duration-ms="5216" status="PASS">
          <reporter-output>
          </reporter-output>
        </test-method> <!-- verifyUserLoginWithValidCredentials -->
        <test-method is-config="true" signature="closeBrowser(org.testng.ITestResult)[pri:0, instance:test.LoginPageTest@723ca036]" started-at="2024-06-19T14:44:12 IST" name="closeBrowser" finished-at="2024-06-19T14:44:14 IST" duration-ms="2414" status="PASS">
          <params>
            <param index="0">
              <value>
                <![CDATA[[TestResult name=verifyUserLoginWithValidCredentials status=SUCCESS method=LoginPageTest.verifyUserLoginWithValidCredentials()[pri:0, instance:test.LoginPageTest@723ca036] output={null}]]]>
              </value>
            </param>
          </params>
          <reporter-output>
          </reporter-output>
        </test-method> <!-- closeBrowser -->
      </class> <!-- test.LoginPageTest -->
    </test> <!-- FireFox Test -->
  </suite> <!-- Suite -->
</testng-results>
